>Scaffold_1
9922 1
9779 0
9156 0
9581 0
9611 0
10320 1
6765 1
2572 0
10132 0
9875 0
10137 0
9570 1
9442 0
9654 1
10464 1
4920 0
9232 0
2951 1
9569 1
10280 0
10412 0
10390 0
9550 1
9250 0
10463 1
10190 1
9677 0
10379 0
9256 1
10192 1
10396 0
9202 1
9746 1
10094 0
5832 1
9082 1
10004 1
10141 1
9159 1
9906 0
10032 1
4238 1
10196 1
10108 0
1632 1
9450 1
9078 0
9914 1
10104 0
10095 0
10372 0
9234 1
9319 1
9422 0
9086 1
9338 1
10125 0
9905 1
9463 0
9635 0
9094 1
9841 0
9880 1
7267 1
9523 0
4001 0
9345 0
10049 0
5324 0
10378 0
10235 1
9310 1
10212 0
9307 1
9803 0
9629 0
10388 0
1713 1
9228 1
3369 1
10237 0
9543 1
9691 0
9763 0
10313 0
10427 0
9530 1
9889 0
9957 1
10159 0
10055 0
10398 1
10397 0
9138 0
9582 0
9427 0
10164 0
10363 0
9713 1
9474 1
10410 1
7322 1
10417 1
9633 1
9449 1
9664 0
9830 0
9732 0
9393 0
9894 1
3451 0
5536 1
7324 0
9236 0
9487 1
9598 0
9630 0
9668 0
9642 1
4747 0
9192 1
10422 1
9563 1
9864 1
9733 0
9475 0
10203 1
10044 1
5007 0
9418 0
10015 1
10430 1
6906 1
9907 1
2737 0
9509 1
9918 1
9741 1
10330 1
10075 0
9247 1
4031 0
9829 0
9887 1
10226 1
9160 0
5827 1
1720 1
9555 1
10426 0
9443 1
5272 1
99 1
10442 1
9847 0
9626 0
9225 0
9428 1
9737 0
638 1
9273 0
10263 0
10373 1
9701 0
10471 0
10241 1
10368 0
9897 1
10308 1
9640 0
9203 0
9900 0
5322 0
9534 1
9365 1
10314 0
9212 0
10436 1
10022 1
4178 1
9759 0
10009 0
9572 1
9740 1
10269 1
9688 1
10234 1
10040 1
9781 0
9857 1
6439 1
2994 1
2705 1
10439 1
9557 0
3983 1
10135 0
9639 1
3249 0
9148 0
9516 0
2473 1
10327 0
9917 0
228 0
10086 1
10198 1
9500 0
9386 0
10315 0
1522 1
9610 1
6202 1
10024 0
4660 1
9533 1
9405 0
9961 0
9769 0
9895 0
10080 0
10231 1
10362 0
4314 1
9862 1
9446 1
9738 0
5994 0
10305 0
6222 0
9863 0
9993 1
9628 1
673 1
9230 0
9722 1
9167 0
9323 0
9845 1
2267 1
9703 1
9658 1
953 1
2957 1
10274 0
6318 0
9155 0
9081 1
6952 0
9761 0
9619 1
9666 0
9437 1
9891 1
2255 1
9447 1
4792 0
9944 0
10233 1
9595 1
3908 0
9607 0
9121 0
9873 0
10099 1
9387 1
207 0
10001 1
9125 0
10474 1
3149 0
9645 1
9266 0
9103 0
9145 0
10453 0
10435 0
9821 0
10083 0
6309 1
9673 0
9678 0
10367 1
9183 0
9358 1
3158 1
1260 0
6522 0
9556 0
10475 1
10071 1
9290 0
10351 0
10329 1
9981 0
10333 1
10311 1
3940 0
10078 1
5635 1
9625 0
9444 0
9506 1
10007 1
566 1
9410 0
5379 0
9291 0
4683 0
7279 0
10260 0
10121 1
9300 0
9259 1
9616 0
10386 1
4125 0
2283 0
10216 0
5902 1
10147 0
9531 0
10276 1
9129 1
9477 1
10206 0
10466 1
9793 0
10317 1
9926 0
5542 1
4838 0
5726 0
5305 1
10247 0
9525 0
2749 1
9758 0
10456 1
10355 1
10059 1
9724 1
9424 0
10034 1
9153 1
9574 1
10440 0
10380 0
9811 0
9088 1
7135 0
9840 1
10343 0
10262 0
10028 1
10332 1
9985 0
4258 0
9868 0
9816 0
9513 0
9600 0
9536 1
4333 0
9671 0
9476 1
10101 1
9646 0
9412 0
10376 1
9136 1
9285 0
4915 1
6597 1
10306 1
1572 0
2387 1
9987 0
9637 0
10312 1
9782 1
1374 1
1463 1
214 0
9890 0
9268 1
2452 0
10199 0
9854 0
10029 0
10126 0
10116 1
10256 1
9364 0
6835 1
9100 0
9113 0
9198 1
9632 0
9484 1
9479 0
10310 1
4713 0
9951 0
10139 1
10026 0
9144 0
3098 1
10324 0
9522 0
7453 0
9392 1
9112 1
9217 0
9204 0
10140 1
10338 1
10042 0
10066 0
10061 0
10098 0
10257 1
379 1
7394 0
6049 0
2034 0
9725 1
3101 0
6175 1
10110 0
10249 1
10005 1
9933 1
9398 0
5074 0
9545 0
4699 1
2418 1
9962 0
10302 1
9808 0
1365 0
10045 1
5467 1
10369 0
9261 0
10002 1
10418 0
9420 0
10409 0
10411 0
9638 1
9634 0
10261 0
9602 0
9760 1
9362 1
9296 0
9184 0
9747 0
10273 0
4581 0
9899 0
9683 1
4761 1
9313 1
9154 0
9590 1
9524 1
10295 0
10336 1
9679 0
10349 1
9267 1
10284 1
519 1
10120 1
2736 0
9332 0
9384 1
1385 0
9110 1
10138 1
9554 0
10341 0
9461 0
9337 1
9257 1
10393 1
3251 0
5587 0
9559 1
9866 1
9956 1
9470 0
9992 0
9238 1
9721 0
10087 1
4228 1
349 1
9689 1
9185 0
9080 1
9860 0
9240 1
69 0
9132 0
9321 0
9958 0
10057 0
710 0
9699 1
6008 0
9371 1
5570 0
10454 1
7382 1
9287 0
9360 1
9928 1
9143 1
10156 1
10038 1
2604 0
9322 0
9122 0
10174 0
9723 0
9320 0
10224 0
10250 1
9189 1
10186 0
9526 1
9349 1
9350 0
9124 1
9583 1
9373 1
9942 0
9413 0
9105 1
9937 1
10187 1
9111 0
10067 1
9152 0
9965 1
9772 1
10297 0
10246 1
4118 0
3208 1
812 1
10209 1
9799 0
6398 1
9704 1
1633 1
9239 0
9881 1
9318 0
10172 1
10070 1
5144 1
9249 0
9127 0
10082 0
9849 0
9208 1
9541 0
9752 1
9644 1
9077 0
10325 0
9764 0
136 1
9233 1
10321 0
9495 0
10468 0
9486 0
9308 1
1785 1
10220 1
10377 0
9253 0
10168 0
10211 0
9542 1
9169 0
10296 0
2102 1
9773 0
9264 1
2728 1
249 0
9458 1
10077 0
9512 0
9493 1
10283 0
9593 1
10179 1
1512 0
9586 0
9102 0
9314 1
9946 1
9471 1
9825 0
9801 1
9844 0
9921 1
10130 1
9687 0
7072 0
4848 0
9989 1
10176 0
9356 1
9385 1
10365 0
903 0
10062 0
5691 0
10357 0
9095 1
9445 0
9587 1
3376 0
4861 0
4203 1
10072 0
9796 0
9440 1
9417 1
10434 1
9693 1
9517 0
9963 1
10207 0
9119 1
1634 1
9795 0
9980 0
10467 1
9970 0
9262 1
1176 1
938 0
9744 0
9757 0
2191 1
3693 1
2670 1
10123 1
9161 0
9800 1
9508 1
9426 1
9667 1
9794 1
9115 0
9878 1
10275 0
10208 0
10074 0
9614 1
9429 0
9278 1
10334 1
9093 0
9087 1
5274 0
10084 1
9351 0
6727 0
9312 1
10054 0
10289 0
10228 0
10342 1
10455 1
10218 1
6068 0
9682 1
9457 1
9575 1
9327 0
9789 1
6019 1
1820 1
2096 1
10131 0
9649 1
9876 0
6762 1
9415 1
9397 1
9814 1
9120 1
10446 0
10381 1
10047 1
9355 0
9716 0
9882 0
9888 1
10166 1
9592 0
9665 1
10046 0
9879 0
10181 0
9848 0
9893 1
9336 0
9908 0
10189 0
5716 0
9347 1
4272 0
9306 0
9659 1
9660 1
10221 1
3710 0
10122 1
9293 0
9995 1
10266 1
10092 1
482 1
9720 0
9973 0
10142 0
9538 1
6573 1
9826 0
9106 0
9710 0
10158 1
9843 0
10169 1
10068 0
6156 1
10127 1
3850 1
9260 1
9853 0
9131 1
9755 0
2300 0
9109 1
2701 1
9909 0
10382 1
9560 0
9438 0
5964 0
5297 0
9294 0
10058 0
7124 1
2985 1
9366 1
9552 1
9441 0
9499 0
9265 1
3498 0
9352 1
647 0
10360 1
9837 0
9786 1
4301 1
9578 1
9983 0
10153 0
1397 0
9709 0
9742 1
4557 1
9279 0
9237 1
9396 0
9842 1
10117 0
9402 1
4832 1
510 0
10346 0
10452 0
9453 1
9281 1
10124 0
9455 1
9934 0
9846 0
9911 0
10016 1
5510 0
10213 1
1877 1
10215 1
10065 1
9416 1
9564 1
9174 1
9991 0
9726 1
9297 0
9134 1
2564 0
10037 1
9792 1
9435 1
10431 1
9433 0
10194 1
9214 0
10279 0
1193 0
9406 1
3482 1
9540 1
9383 0
9489 0
1782 1
819 1
3073 0
2289 1
5213 0
9330 0
6251 1
9478 0
10394 0
6802 0
9776 1
10006 1
9372 1
9344 1
10154 1
9685 1
4023 0
5551 1
3147 1
9423 0
10268 0
9215 1
7168 0
9971 0
9787 0
9503 1
10064 0
9680 1
1741 0
1227 0
9084 0
9676 0
2090 0
7085 1
9953 1
9375 0
10316 0
9817 0
9998 0
1087 1
10457 1
10294 0
9766 0
1838 0
9884 1
9283 0
10043 0
1857 1
9151 1
9910 1
9702 1
9089 1
10402 0
10115 1
4273 1
4846 0
3845 0
10085 1
10109 0
3407 0
9226 0
9964 1
10019 1
9618 0
9785 1
10292 1
10048 0
9596 1
3843 1
9824 1
10031 1
10451 1
10264 0
9099 0
10459 1
10020 0
10170 1
9652 0
9568 0
9328 0
10328 0
10432 0
7030 1
9083 1
4000 0
10167 1
10359 0
9098 0
9157 1
9432 0
9326 1
9969 1
9101 0
10188 0
3810 1
9170 0
9454 1
10437 1
3920 0
9748 0
9251 1
10052 1
10149 0
9802 0
9200 0
2523 0
9504 1
10356 1
9241 1
9528 0
9690 0
10429 0
9950 1
10345 1
9896 1
9462 0
10340 0
10165 0
9485 1
9245 0
9448 1
10288 0
9605 1
9246 0
2795 0
10106 0
9551 1
9546 1
9913 1
1212 1
9717 1
9180 0
3054 0
5838 1
9948 0
9190 1
10383 0
10287 1
9663 0
9342 0
5563 1
3833 1
10428 0
1427 0
9079 1
9653 1
9797 1
10089 0
9601 0
9718 0
9269 0
10374 0
10444 1
7356 1
9231 0
9859 0
9299 0
9510 1
9142 1
9820 0
9277 1
10465 0
9839 1
10271 1
9734 0
9501 0
1845 0
10385 1
1428 0
10027 0
9488 0
9883 1
4159 0
9535 0
10286 0
10298 0
9892 0
10303 0
10243 1
10238 0
10184 0
10030 1
9376 1
10145 0
1700 0
9537 0
9566 1
9815 1
4636 1
6244 0
9870 0
10441 1
9831 0
3024 0
3264 1
1490 1
9407 0
9139 1
10118 0
10469 0
10322 0
9425 0
9898 0
10163 1
9823 0
9749 0
10136 1
9588 1
962 1
10240 0
4489 0
6072 0
9904 0
1019 1
9218 1
9219 1
9920 0
9324 1
9451 1
5789 1
9852 0
10111 0
9949 0
9271 1
10183 1
9756 0
10447 1
9114 1
6386 1
10010 1
9784 1
9403 1
9401 1
9404 0
9927 0
9221 1
9497 0
9430 1
9986 0
9872 1
9597 1
9255 1
9085 1
5239 0
10358 1
6233 0
9604 0
9915 0
10036 1
9939 0
9305 1
9173 0
9902 0
9886 1
6807 0
9730 0
10232 1
10204 0
9650 1
1874 0
10039 1
1012 1
9955 0
9369 0
9276 0
5822 0
9481 0
82 1
10282 0
10278 0
10151 1
9762 0
9166 0
4705 0
9553 0
9938 1
9705 1
10114 1
5114 1
9491 0
9715 0
10370 1
10267 1
9577 0
9620 0
9135 0
9591 0
10102 1
7138 1
9520 0
9612 0
6311 0
4876 1
10433 0
9263 0
9188 1
9335 0
9936 0
9411 0
9972 1
10344 0
10366 0
3541 0
3735 1
9165 1
10041 0
10307 1
9745 1
9331 1
9515 1
9947 1
6279 1
10323 1
10384 1
9483 1
9282 0
9674 1
9812 0
10148 0
9547 1
7169 1
4139 0
10023 1
9205 1
5974 0
9979 0
9684 1
9235 0
9182 1
10205 1
10391 0
9158 0
9391 0
9874 1
10210 0
10470 1
10155 1
10244 0
9193 1
9367 1
9647 0
9836 1
10473 0
9708 1
7236 0
9929 1
6504 0
9594 0
9833 1
9348 1
10225 0
10472 1
9858 0
9621 0
10277 0
3266 0
514 1
6705 0
706 0
9692 0
3836 1
10081 1
10091 1
10128 1
9242 1
10450 1
9750 1
10290 1
9288 1
10236 0
9835 1
1686 0
363 0
9527 1
9675 0
10252 0

>Scaffold_2
9627 0
9377 1
9643 0
10424 0
9739 0
10143 1
10012 1
9765 0
9206 1
168 0
10191 0

>Scaffold_3
9974 0
9805 1
9869 1
1115 0
10389 0
