>Scaffold_1
668 0
148 1
1234 0
812 0
235 1
699 1
774 0
278 0
397 0
403 0
58 0
417 1
764 0
49 0
981 0
496 0
661 1
185 0
0 0
529 1
66 1
463 0
742 1
789 0
832 0
28 0
579 1
673 0
1179 0
917 0
796 0
176 0
1089 0
120 0
1254 0
1266 0
1268 0
1183 0
250 1
824 0
697 0
215 0
1054 0
1196 0
316 1
847 1
836 1
295 1
1014 0
1195 0
623 0
625 1
132 0
999 0
348 0
944 0
1083 0
319 0
264 1
270 0
220 0
245 0
104 0
971 1
819 0
980 1
112 0
147 1
556 1
502 1
1178 1
43 0
895 0
125 0
60 0
1169 0
757 1
1009 1
1016 0
309 1
1015 0
894 0
505 0
811 1
1120 1
787 0
638 0
1210 0
737 0
370 0
1100 0
1122 1
928 0
337 0
1279 0
485 0
930 0
1024 0
472 0
990 0
795 1
174 0
882 0
1172 0
568 1
660 0
1208 0
228 1
243 0
879 0
1154 1
777 0
734 0
78 0
645 0
850 0
276 1
2 0
219 0
1133 0
1105 0
652 1
298 0
440 0
30 0
465 0
910 1
943 0
745 0
676 1
333 1
735 1
1047 0
890 0
1008 0
1139 1
949 0
183 0
152 0
462 0
548 0
180 0
518 0
335 1
389 0
330 0
86 0
1262 0
292 0
390 1
511 0
332 0
272 0
722 0
223 0
749 1
488 1
619 1
899 0
724 0
680 0
222 0
312 0
382 1
708 0
707 0
700 0
1224 1
594 0
1181 0
71 1
239 1
830 0
6 0
965 0
983 1
1057 1
439 0
327 1
721 0
162 0
821 0
869 0
1249 1
163 0
889 0
580 0
1113 1
1267 0
17 0
498 1
691 1
996 0
968 1
1253 1
791 0
569 0
422 1
372 0
474 1
692 0
214 0
603 1
1130 1
788 0
497 0
655 1
318 0
351 0
367 0
620 0
544 0
1048 1
974 1
451 0
7 1
356 0
780 1
683 0
1144 0
694 0
294 0
883 0
358 0
308 0
578 0
760 0
545 0
482 0
953 0
574 0
267 1
871 1
550 0
448 0
991 0
150 0
1272 0
649 1
733 0
563 0
218 0
703 0
79 0
877 0
609 0
1013 0
40 0
687 0
1166 1
1111 0
470 1
559 0
271 0
433 0
746 0
992 0
781 0
464 0
630 1
208 0
12 1
51 0
1119 1
669 1
305 1
1175 1
1276 1
68 0
1271 0
562 0
1116 0
678 0
595 1
424 0
425 1
1238 0
954 0
952 0
386 1
785 0
421 1
240 1
933 0
769 0
820 0
336 0
514 0
1275 0
44 0
565 0
1204 0
24 0
893 0
232 0
751 1
516 0
586 1
534 1
906 1
792 0
1152 0
937 1
478 1
606 1
1115 1
373 1
179 0
479 0
794 1
997 0
84 0
342 1
21 0
730 0
115 1
636 0
93 1
284 1
525 0
720 0
1220 0
1112 1
702 0
771 1
444 0
800 1
1150 0
686 0
853 0
1053 1
419 1
31 1
541 0
533 1
5 0
589 0
779 0
187 0
1164 0
160 1
628 1
538 0
101 0
190 0
719 1
26 1
288 1
146 1
561 0
884 1
1203 0
984 1
506 0
1221 1
275 0
39 1
622 0
837 1
138 1
822 1
1039 1
778 1
599 1
1018 1
1217 1
145 0
977 1
1151 0
1223 1
521 1
1026 1
907 1
964 1
998 1
96 1
341 1
540 0
1002 1
77 1
466 0
535 0
156 1
159 1
168 1
1274 0
1202 0
459 1
1250 1
775 0
410 0
1102 0
1143 1
972 0
523 0
490 1
1055 0
1243 0
136 1
814 0
1056 1
627 1
252 1
164 1
1176 1
762 0
286 1
1163 0
102 0
274 1
477 1
106 1
175 0
839 0
923 1
985 1
633 1
908 1
1142 1
823 1
867 0
289 1
388 0
898 1
526 1
616 0
528 1
635 1
170 1
50 0
1034 0
54 1
287 1
969 0
696 1
854 1
446 0
905 0
225 1
14 1
265 0
380 1
951 1
237 0
184 0
400 1
1106 0
116 1
209 1
1236 1
947 0
849 1
481 1
892 1
1046 1
546 1
460 1
736 0
385 1
654 0
100 1
416 0
679 1
47 0
398 1
300 1
1062 1
1230 1
401 1
196 0
339 1
1114 0
48 0
958 1
8 1
711 1
675 1
1263 1
331 1
1187 0
1110 1
738 1
361 1
27 0
510 0
211 1
1190 0
918 1
1061 1
1123 1
441 1
963 1
1101 1
715 1
754 1
282 1
571 1
507 1
1240 0
672 1
165 1
973 1
817 1
251 1
1232 1
70 1
431 1
935 0
970 0
776 1
186 1
588 0
306 1
1222 1
1128 1
188 1
227 1
1017 1
438 1
1145 1
1118 0
241 1
1161 0
632 0
808 1
793 1
607 1
659 0
205 1
1229 1
203 1
705 0
1032 0
1109 0
637 1
189 0
226 0
1171 0
114 1
642 0
149 1
1006 1
624 0
