>Scaffold_1
668 0
205 0
659 1
607 0
793 0
808 0
632 1
1161 1
241 0
1118 1
669 1
305 1
1175 1
1276 1
68 0
1271 0
562 0
1116 0
678 0
595 1
424 0
425 1
1238 0
954 0
952 0
386 1
1008 0
1139 1
949 0
183 0
152 0
462 0
548 0
180 0
518 0
335 1
389 0
330 0
86 0
1262 0
292 0
390 1
511 0
332 0
272 0
722 0
223 0
749 1
488 1
619 1
899 0
724 0
680 0
222 0
312 0
382 1
708 0
707 0
700 0
1224 1
594 0
1181 0
71 1
239 1
830 0
6 0
965 0
983 1
1057 1
439 0
327 1
721 0
162 0
821 0
869 0
1249 1
163 0
889 0
580 0
1113 1
1267 0
17 0
498 1
691 1
996 0
968 1
1253 1
791 0
569 0
422 1
372 0
474 1
692 0
214 0
603 1
1130 1
788 0
497 0
655 1
318 0
351 0
367 0
620 0
544 0
1048 1
974 1
451 0
7 1
356 0
780 1
683 0
1144 0
694 0
294 0
883 0
358 0
308 0
578 0
760 0
545 0
482 0
953 0
574 0
267 1
871 1
550 0
448 0
991 0
150 0
1272 0
649 1
733 0
563 0
218 0
703 0
79 0
877 0
609 0
1013 0
40 0
687 0
1166 1
1111 0
470 1
559 0
271 0
433 0
746 0
992 0
781 0
464 0
630 1
208 0
12 1
51 0
1119 1
1145 0
438 0
1017 0
227 0
188 0
1128 0
1222 0
306 0
588 1
186 0
776 0
970 1
935 1
431 0
70 0
1232 0
251 0
817 0
973 0
165 0
672 0
1240 1
507 0
571 0
282 0
754 0
715 0
1101 0
441 0
1123 0
1061 0
918 0
1190 1
211 0
510 1
27 1
361 0
738 0
1110 0
1187 1
331 0
1263 0
675 0
711 0
8 0
958 0
48 1
1114 1
339 0
196 1
401 0
1230 0
1062 0
300 0
398 0
47 1
679 0
416 1
100 0
654 1
385 0
736 1
460 0
546 0
1046 0
892 0
481 0
849 0
947 1
1236 0
209 0
116 0
1106 1
400 0
184 1
237 1
951 0
380 0
265 1
14 0
225 0
905 1
446 1
854 0
696 0
969 1
287 0
54 0
1034 1
50 1
170 0
635 0
528 0
616 1
526 0
898 0
388 1
289 0
867 1
823 0
1142 0
908 0
633 0
985 0
923 0
839 1
175 1
106 0
477 0
274 0
102 1
1163 1
286 0
762 1
1176 0
164 0
252 0
627 0
1056 0
814 1
136 0
1243 1
1055 1
490 0
523 1
972 1
1143 0
1102 1
410 1
775 1
1250 0
459 0
1202 1
1274 1
168 0
159 0
156 0
535 1
466 1
77 0
1002 0
540 1
341 0
96 0
998 0
964 0
907 0
1026 0
521 0
1223 0
1151 1
977 0
145 1
1217 0
1018 0
599 0
778 0
1039 0
822 0
138 0
837 0
622 1
39 0
275 1
1221 0
506 1
984 0
1203 1
884 0
561 1
146 0
288 0
26 0
232 1

>Scaffold_2
999 0
348 0
944 0
1083 0
319 0
264 1
270 0
220 0
245 0
104 0
971 1
819 0
980 1
112 0
147 1
556 1
502 1
1178 1
43 0
895 0
125 0
60 0
1169 0
757 1
1009 1
1016 0
309 1
1015 0
894 0
505 0
811 1
1120 1
787 0
638 0
1210 0
737 0
370 0
1100 0
1122 1
928 0
337 0
1279 0
485 0
930 0
1024 0
472 0
990 0
795 1
174 0
882 0
1172 0
568 1
660 0
1208 0
228 1
243 0
879 0
1154 1
777 0
734 0
78 0
645 0
850 0
276 1
2 0
219 0
1133 0
1105 0
652 1
298 0
440 0
30 0
465 0
910 1
943 0
745 0
676 1
333 1
735 1
1047 0
890 0
836 0
847 0
316 0
785 0
1196 0
295 1
1014 0
1195 0
132 0

>Scaffold_3
1229 0
421 1
240 1
933 0
769 0
820 0
419 1
31 1
541 0
533 1
5 0
589 0
779 0
187 0
1164 0
160 1
628 1
538 0
101 0
1045 1
190 0
719 1
516 0
586 1
534 1
906 1
792 0
1152 0
937 1
478 1
606 1
1115 1
373 1
1059 1
642 1
114 0
1171 1
226 1
189 1
637 0
1109 1
1032 1
705 1
203 0

>Scaffold_4
812 0
235 1
699 1
774 0
278 0
397 0
403 0
58 0
417 1
764 0
49 0
981 0
496 0
661 1
185 0
0 0
529 1
66 1
463 0
742 1
789 0
832 0
28 0
579 1
673 0
1179 0
917 0
796 0
176 0
1089 0
120 0
1254 0
1266 0
1268 0
1183 0
250 1
824 0
697 0
215 0
148 1
1234 0

>Scaffold_5
720 0
1220 0
1112 1
702 0
771 1
444 0
800 1
1150 0
686 0
853 0
1053 1
336 0
514 0
1275 0
44 0
565 0
1204 0
24 0
893 0

>Scaffold_6
525 1
284 0
93 0
636 1
115 0
730 1
21 1
342 0
84 1
997 1
794 0

>Scaffold_7
1006 0
149 0
179 0
