>Scaffold_1
712 0
638 1
735 1
445 0
191 0
430 0
641 1
650 0
629 1
733 1
734 0
711 0
722 1
633 0
726 0
663 0
644 1
667 0
435 0
702 1
732 1
730 0
731 1
683 1
681 0
729 0
692 0
647 0
153 1
685 0
724 0
723 0
473 0
690 0
632 0
699 0
689 0
696 0
678 0
487 1
693 0
643 1
624 1
623 1
621 0
713 0
695 0
691 1
654 0
727 0
664 1
492 0
666 1
700 0
640 0
669 0
697 1
728 1
626 1
364 1
653 0
379 0
636 1
677 1
679 1
715 0
717 0
100 0
671 0
698 1
709 1
662 1
630 1
661 1
665 1
538 1
655 1
710 1
701 0
687 0
659 0
668 1
625 1
249 0
470 1
215 0
703 0
704 1
274 0
652 0
688 1
631 1
674 0
61 0
660 0
657 1
658 0
694 1
673 1
672 1
680 1
716 0
628 0
635 0
648 1
639 1
705 0
706 0
155 0
686 1
620 1
627 1
646 0
684 0
720 1
634 0
