>Scaffold_1
9922 1
9779 0
9156 0
9581 0
9611 0
10320 1
6765 1
2572 0
10132 0
9875 0
10137 0
9570 1
9442 0
9654 1
10464 1
4920 0
9232 0
2951 1
9569 1
10280 0
10412 0
10390 0
9550 1
9250 0
10463 1
10190 1
9677 0
10379 0
9256 1
10192 1
10396 0
9202 1
9746 1
10094 0
5832 1
9082 1
10004 1
10141 1
9159 1
9906 0
10032 1
4238 1
10196 1
10108 0
1632 1
9450 1
9078 0
9914 1
10104 0
10095 0
10372 0
9234 1
9319 1
9422 0
9086 1
9338 1
10125 0
9905 1
9463 0
9635 0
9094 1
9841 0
9880 1
7267 1
9523 0
10471 1
9701 1
10373 0
10263 1
9273 1
638 0
9737 1
9428 0
9225 1
9626 1
9847 1
10442 0
99 0
5272 0
9443 0
10426 1
9555 0
1720 0
5827 0
9160 1
10226 0
9887 0
9829 1
4031 1
9247 0
10075 1
10330 0
9741 0
9918 0
9509 0
2737 1
9907 0
6906 0
10430 0
10015 0
9418 1
5007 1
10044 0
10203 0
9475 1
9733 1
9864 0
9563 0
10422 0
9192 0
4747 1
9642 0
9668 1
9630 1
9598 1
9487 0
9236 1
7324 1
5536 0
3451 1
9894 0
9393 1
9732 1
9830 1
9664 1
10049 0
5324 0
10378 0
10235 1
9310 1
10212 0
9307 1
9803 0
9629 0
10388 0
1713 1
9228 1
3369 1
10237 0
9543 1
9691 0
9763 0
10313 0
10427 0
9530 1
9889 0
9957 1
10159 0
10055 0
10398 1
10397 0
9138 0
9582 0
9427 0
10164 0
10363 0
9713 1
9474 1
10410 1
7322 1
10417 1
9633 1
9449 1
9425 1
10322 1
10469 1
10118 1
9139 0
9407 1
1490 0
3264 0
3024 1
9831 1
10441 0
9870 1
6244 1
4636 0
9815 0
9566 0
9537 1
1700 1
10145 1
9376 0
10030 0
10184 1
10238 1
10243 0
10303 1
9892 1
10298 1
10286 1
9535 1
4159 1
9883 0
9488 1
10027 1
1428 1
10385 0
1845 1
9501 1
9734 1
10271 0
9839 0
10465 1
9277 0
9820 1
9142 0
9510 0
9299 1
9859 1
9231 1
7356 0
10444 0
10374 1
9269 1
9718 1
9601 1
10089 1
9797 0
9653 0
9079 0
1427 1
10428 1
3833 0
5563 0
9342 1
9663 1
10287 0
10383 1
9190 0
9948 1
5838 0
3054 1
9180 1
9717 0
1212 0
9913 0
9546 0
9551 0
10106 1
2795 1
9246 1
9605 0
10288 1
9448 0
9245 1
9485 0
10165 1
10340 1
9462 1
9896 0
10345 0
9950 0
10429 1
9690 1
9528 1
9241 0
10356 0
9504 0
2523 1
9200 1
9802 1
10149 1
10052 0
9251 0
9748 1
3920 1
10437 0
9454 0
9170 1
3810 0
10188 1
9101 1
9969 0
9326 0
9432 1
9157 0
9098 1
10359 1
10167 0
4000 1
9083 0
7030 0
10432 1
10328 1
9328 1
9568 1
9652 1
10170 0
10020 1
10459 0
9099 1
10264 1
10451 0
10031 0
9824 0
3843 0
9596 0
10048 1
10292 0
9785 0
9618 1
10019 0
9964 0
9226 1
3407 1
10109 1
10085 0
3845 1
4846 1
4273 0
10115 0
10402 1
9089 0
9702 0
9910 0
9151 0
1857 0
10043 1
9283 1
9884 0
1838 1
9766 1
10294 1
10457 0
1087 0
9998 1
9817 1
10316 1
9375 1
9953 0
7085 0
2090 1
9676 1
9084 1
1227 1
1741 1
9680 0
10064 1
9503 0
9787 1
9971 1
7168 1
9215 0
10268 1
9423 1
3147 0
5551 0
4023 1
9685 0
10154 0
9344 0
9372 0
10006 0
9776 0
6802 1
10394 1
9478 1
6251 0
9330 1
5213 1
2289 0
3073 1
819 0
1782 0
9489 1
9383 1
9540 0
3482 0
9406 0
1193 1
10279 1
9214 1
10194 0

>Scaffold_2
9365 0
9534 0
5322 1
9900 1
9203 1
9640 1
10308 0
9897 0
10368 1
10241 0
10191 1
168 1
9206 0
9765 1
10012 0
10143 0
9739 1
10424 1
9643 1
9377 0
9627 1
9974 0
9805 1
9869 1
1115 0
10389 0
10140 1
10338 1
10042 0
10066 0
10061 0
10098 0
10257 1
379 1
7394 0
6049 0
2034 0
9725 1
3101 0
6175 1
10110 0
10249 1
10005 1
9933 1
9398 0
5074 0
9545 0
4699 1
2418 1
9962 0
10302 1
9808 0
1365 0
10045 1
5467 1
10369 0
9261 0
10002 1
10418 0
9420 0
10409 0
10411 0
9638 1
9634 0
10261 0
9602 0
9760 1
9362 1
9296 0
9184 0
9747 0
10273 0
4581 0
9899 0
9683 1
4761 1
9313 1
9154 0
9590 1
9524 1
10295 0
10336 1
9679 0
10349 1
9267 1
10284 1
519 1
10120 1
2736 0
9332 0
9384 1
1385 0
9110 1
10138 1
9554 0
10341 0
9461 0
9337 1
9257 1
10393 1
3251 0
5587 0
9559 1
9866 1
9956 1
9470 0
9992 0
9238 1
9721 0
10087 1
4228 1
349 1
9689 1
9185 0
9080 1
9860 0
9240 1
69 0
9132 0
9321 0
9958 0
10057 0
710 0
9699 1
6008 0
9371 1
5570 0
10454 1
7382 1
9287 0
9360 1
9928 1
9143 1
10156 1
10038 1
2604 0
9322 0
9122 0
10174 0
9723 0
9320 0
10224 0
10250 1
9189 1
10186 0
9526 1
9349 1
9350 0
9124 1
9583 1
9373 1
9942 0
9413 0
9105 1
9937 1
10187 1
9111 0
10067 1
9152 0
9965 1
9772 1
10297 0
10246 1
4118 0
3208 1
812 1
10209 1
9799 0
6398 1
9704 1
1633 1
9239 0
9881 1
9318 0
10172 1
10070 1
5144 1
9249 0
9127 0
10082 0
9849 0
9208 1
9541 0
9752 1
9644 1
9077 0
10325 0
9764 0
136 1
9233 1
10321 0
9495 0
10468 0
9486 0
9308 1
1785 1
10220 1
10377 0
9253 0
10168 0
10211 0
9542 1
9169 0
10296 0
2102 1
9773 0
9264 1
2728 1
249 0
9458 1
10077 0
9512 0
9493 1
10283 0
9593 1
10179 1
1512 0
9586 0
9102 0
9314 1
9946 1
9471 1
9825 0
9801 1
9844 0
9921 1
10130 1
9687 0
7072 0
4848 0
9989 1
10176 0
9356 1
9385 1
10365 0
903 0
10062 0
5691 0
10357 0
9095 1
9445 0
9587 1
3376 0
4861 0
4203 1
10072 0
9796 0
9440 1
9417 1
10434 1
9693 1
9517 0
9963 1
10207 0
9119 1
1634 1
9795 0
9980 0
10467 1
9970 0
9262 1
1176 1
938 0
9744 0
9757 0
2191 1
3693 1
2670 1
10123 1
9161 0
9800 1
9508 1
9426 1
9667 1
9794 1
9115 0
9878 1
10275 0
10208 0
10074 0
9614 1
9429 0
9278 1
10334 1
9093 0
9087 1
5274 0
10084 1
9351 0
6727 0
9312 1
10054 0
10289 0
10228 0
10342 1
10455 1
10218 1
6068 0
9682 1
9457 1
9575 1
9327 0
9789 1
6019 1
1820 1
2096 1
10131 0
9649 1
9876 0
6762 1
9415 1
9397 1
9814 1
9120 1
10446 0
10381 1
10047 1
9355 0
9716 0
9882 0
9888 1
10166 1
9592 0
9665 1
10046 0
9879 0
10181 0
9848 0
9893 1
9336 0
9908 0
10189 0
5716 0
9347 1
4272 0
9306 0
9659 1
9660 1
10221 1
3710 0
10122 1
9293 0
9995 1
10266 1
10092 1
482 1
9720 0
9973 0
10142 0
9538 1
6573 1
9826 0
9106 0
9710 0
10158 1
9843 0
10169 1
10068 0
6156 1
10127 1
3850 1
9260 1
9853 0
9131 1
9755 0
2300 0
9109 1
2701 1
9909 0
10382 1
9560 0
9438 0
5964 0
5297 0
9294 0
10058 0
7124 1
2985 1
9366 1
9552 1
9441 0
9499 0
9265 1
3498 0
9352 1
647 0
10360 1
9837 0
9786 1
4301 1
9578 1
9983 0
10153 0
1397 0
9709 0
9742 1
4557 1
9279 0
9237 1
9396 0
9842 1
10117 0
9402 1
4832 1
510 0
10346 0
10452 0
9453 1
9281 1
10124 0
9455 1
9934 0
9846 0
9911 0
10016 1
5510 0
10213 1
1877 1
10215 1
10065 1
9416 1
9564 1
9174 1
9991 0
9726 1
9297 0
9134 1
2564 0
10037 1
9792 1
9435 1
10431 1
9433 0
10252 1
9675 1
9527 0
363 1
1686 1
9835 0
10236 1
9288 0
10290 0
9750 0
10450 0
9242 0
10128 0
10091 0
10081 0
3836 0
9692 1
706 1
6705 1
514 0
3266 1
10277 1
9621 1
9858 1
10472 0
10225 1
9348 0
9833 0
9594 1
6504 1
9929 0
7236 1
9708 0
10473 1
9836 0
9647 1
9367 0
9193 0
10244 1
10155 0
10470 0
10210 1
9874 0
9391 1
9158 1
10391 1
10205 0
9182 0
9235 1
9684 0
9979 1
5974 1
9205 0
10023 0
4139 1
7169 0
9547 0
10148 1
9812 1
9674 0
9282 1
9483 0
10384 0
10323 0
6279 0
9947 0
9515 0
9331 0
9745 0
10307 0
10041 1
9165 0
3735 0
3541 1
10366 1
10344 1
9972 0
9411 1
9936 1
9335 1
9188 0
9263 1
10433 1
4876 0
6311 1
9612 1
9520 1
7138 0
10102 0
9591 1
9135 1
9620 1
9577 1
10267 0
10370 0
9715 1
9491 1
5114 0
10114 0
9705 0
9938 0
9553 1
4705 1
9166 1
9762 1
10151 0
10278 1
10282 1
82 0
9481 1
5822 1
9276 1
9369 1
9955 1
1012 0
10039 0
1874 1
9650 0
10204 1
10232 0
9730 1
6807 1
9886 0
9902 1
9173 1
9305 0
9939 1
10036 0
9915 1
9604 1
6233 1
10358 0
5239 1
9085 0
9255 0
9597 0
9872 0
9986 1
9430 0
9497 1
9221 0
9927 1
9404 1
9401 0
9403 0
9784 0
10010 0
6386 0
9114 0
10447 0
9756 1
10183 0
9271 0
9949 1
10111 1
9852 1
5789 0
9451 0
9324 0
9920 1
9219 0
9218 0
1019 0
9904 1
6072 1
4489 1
10240 1
962 0
9588 0
10136 0
9749 1
9823 1
10163 0
9898 1
9204 1
9217 1
9112 0
9392 0
7453 1
9522 1
10324 1
3098 0
9144 1
10026 1
10139 0
9951 1
4713 1
10310 0
9479 1
9484 0
9632 1
9198 0
9113 1
9100 1
6835 0
9364 1
10256 0
10116 0
10126 1
10029 1
9854 1
10199 1
2452 1
9268 0
9890 1
214 1
1463 0
1374 0
9782 0
10312 0
9637 1
9987 1
2387 0
1572 1
10306 0
6597 0
4915 0
9285 1
9136 0
10376 0
9412 1
9646 1
10101 0
9476 0
9671 1
4333 1
9536 0
9600 1
9513 1
9816 1
9868 1
4258 1
9985 1
10332 0
10028 0
10262 1
10343 1
9840 0
7135 1
9088 0
9811 1
10380 1
10440 1
9574 0
9153 0
10034 0
9424 1
9724 0
10059 0
10355 0
10456 0
9758 1
2749 0
9525 1
10247 1
5305 0
5726 1
4838 1
5542 0
9926 1
10317 0
9793 1
10466 0
10206 1
9477 0
9129 0
10276 0
9531 1
10147 1
5902 0
10216 1
2283 1
4125 1
10386 0
9616 1
9259 0
9300 1
10121 0
10260 1
7279 1
4683 1
9291 1
5379 1
9410 1
566 0
10007 0
9506 0
9444 1
9625 1
5635 0
10078 0
3940 1
10311 0
10333 0
9981 1
10329 0
10351 1
9290 1
10071 0
10475 0
9556 1
6522 1
1260 1
3158 0
9358 0
9183 1
10367 0
9678 1
9673 1
6309 0
10083 1
9821 1
10435 1
10453 1
9145 1
9103 1
9266 1
9645 0
3149 1
10474 0
9125 1
10001 0
207 1
9387 0
10099 0
9873 1
9121 1
9607 1
3908 1
9595 0
10233 0
9944 1
4792 1
9447 0
2255 0
9891 0
9437 0
9666 1
9619 0
9761 1
6952 1
9081 0
9155 1
6318 1
10274 1
2957 0
953 0
9658 0
9703 0
2267 0
9845 0
9323 1
9167 1
9722 0
9230 1
673 0
9628 0
9993 0
9863 1
6222 1
10305 1
5994 1
9738 1
9446 0
9862 0
4314 0
10362 1
10231 0
10080 1
9895 1
9769 1
9961 1
9405 1
9533 0
4660 0
10024 1
6202 0
9610 0
1522 0
10315 1
9386 1
9500 1
10198 0
10086 0
228 1
9917 1
10327 1
2473 0
9516 1
9148 1
3249 1
9639 0
10135 1
3983 0
9557 1
10439 0
2705 0
2994 0
6439 0
9857 0
9781 1
10040 0
10234 0
9688 0
10269 0
9740 0
9572 0
10009 1
9759 1
4178 0
10022 0
10436 0
9212 1
10314 1

>Scaffold_3
4001 0
9345 0
